<?xml version="1.0" encoding="UTF-8"?>
<testsuite name="banking.SavingsTest" tests="1" skipped="0" failures="0" errors="0" timestamp="2022-12-04T03:37:23" hostname="BIGTINTIN" time="0.0">
  <properties/>
  <testcase name="check_if_balance_is_zero_when_account_is_created()" classname="banking.SavingsTest" time="0.0"/>
  <system-out><![CDATA[]]></system-out>
  <system-err><![CDATA[]]></system-err>
</testsuite>
