<?xml version="1.0" encoding="UTF-8"?>
<testsuite name="banking.PassTimeProcessorTest" tests="7" skipped="0" failures="0" errors="0" timestamp="2022-12-04T03:37:23" hostname="BIGTINTIN" time="0.003">
  <properties/>
  <testcase name="valid_command_to_pass_a_month()" classname="banking.PassTimeProcessorTest" time="0.001"/>
  <testcase name="check_if_account_gets_deleted_if_balance_is_zero()" classname="banking.PassTimeProcessorTest" time="0.0"/>
  <testcase name="valid_command_to_pass_two_months()" classname="banking.PassTimeProcessorTest" time="0.0"/>
  <testcase name="check_if_cd_account_gets_accrued_3_times_per_month()" classname="banking.PassTimeProcessorTest" time="0.0"/>
  <testcase name="valid_command_to_pass_60_months()" classname="banking.PassTimeProcessorTest" time="0.0"/>
  <testcase name="check_if_account_is_fined_for_every_month_passed_when_balance_is_below_100()" classname="banking.PassTimeProcessorTest" time="0.001"/>
  <testcase name="check_if_account_is_fined_when_balance_is_below_100()" classname="banking.PassTimeProcessorTest" time="0.0"/>
  <system-out><![CDATA[]]></system-out>
  <system-err><![CDATA[]]></system-err>
</testsuite>
