<?xml version="1.0" encoding="UTF-8"?>
<testsuite name="banking.CommandStorageTest" tests="3" skipped="0" failures="0" errors="0" timestamp="2022-12-04T03:37:23" hostname="BIGTINTIN" time="0.001">
  <properties/>
  <testcase name="store_a_command()" classname="banking.CommandStorageTest" time="0.0"/>
  <testcase name="store_multiple_commands()" classname="banking.CommandStorageTest" time="0.0"/>
  <testcase name="valid_case_where_all_command_gets_stored()" classname="banking.CommandStorageTest" time="0.0"/>
  <system-out><![CDATA[]]></system-out>
  <system-err><![CDATA[]]></system-err>
</testsuite>
