<?xml version="1.0" encoding="UTF-8"?>
<testsuite name="banking.TransferProcessorTest" tests="2" skipped="0" failures="0" errors="0" timestamp="2022-12-04T03:37:23" hostname="BIGTINTIN" time="0.001">
  <properties/>
  <testcase name="valid_command()" classname="banking.TransferProcessorTest" time="0.0"/>
  <testcase name="valid_command_when_transfer_amount_is_higher_than_account_balance()" classname="banking.TransferProcessorTest" time="0.0"/>
  <system-out><![CDATA[]]></system-out>
  <system-err><![CDATA[]]></system-err>
</testsuite>
